INFO:sim:172 - Generating IP...
Resolving generics for 'cordic2'...
Applying external generics to 'cordic2'...
Delivering associated files for 'cordic2'...
Generating implementation netlist for 'cordic2'...
INFO:sim - Pre-processing HDL files for 'cordic2'...
Running synthesis for 'cordic2'
Running ngcbuild...
Writing VHO instantiation template for 'cordic2'...
Writing VHDL behavioral simulation model for 'cordic2'...
Delivered 2 files into directory
/home/main/git/FPGA-CORDIC/CORDIC/ipcore_dir/tmp/_cg/cordic2
Generating ASY schematic symbol...
INFO:sim:949 - Finished generation of ASY schematic symbol.
Generating SYM schematic symbol for 'cordic2'...
Generating metadata file...
Generating ISE project...
XCO file found: cordic2.xco
XMDF file found: cordic2_xmdf.tcl
Adding /home/main/git/FPGA-CORDIC/CORDIC/ipcore_dir/tmp/_cg/cordic2.asy -view
all -origin_type imported
Adding /home/main/git/FPGA-CORDIC/CORDIC/ipcore_dir/tmp/_cg/cordic2.ngc -view
all -origin_type created
Checking file "/home/main/git/FPGA-CORDIC/CORDIC/ipcore_dir/tmp/_cg/cordic2.ngc"
for project device match ...
File "/home/main/git/FPGA-CORDIC/CORDIC/ipcore_dir/tmp/_cg/cordic2.ngc" device
information matches project device.
Adding /home/main/git/FPGA-CORDIC/CORDIC/ipcore_dir/tmp/_cg/cordic2.sym -view
all -origin_type imported
Adding /home/main/git/FPGA-CORDIC/CORDIC/ipcore_dir/tmp/_cg/cordic2.vhd -view
all -origin_type created
INFO:HDLCompiler:1061 - Parsing VHDL file
   "/home/main/git/FPGA-CORDIC/CORDIC/ipcore_dir/tmp/_cg/cordic2.vhd" into
   library work
INFO:ProjectMgmt - Parsing design hierarchy completed successfully.
Adding /home/main/git/FPGA-CORDIC/CORDIC/ipcore_dir/tmp/_cg/cordic2.vho -view
all -origin_type imported
INFO:TclTasksC:2116 - The automatic calculation of top has been turned-off.
   Please set the new top explicitly by running the "project set top" command.
   To re-calculate the new top automatically, set the "Auto Implementation Top"
   property to true.
Top level has been set to "/cordic2"
Generating README file...
Generating FLIST file...
INFO:sim:948 - Finished FLIST file generation.
Launching README viewer...
Moving files to output directory...
Finished moving files to output directory
Wrote CGP file for project 'cordic2'.
